2018-10-21 21:12:20+0800 [-] Loading buildbot.tac...
2018-10-21 21:12:21+0800 [-] Loaded.
2018-10-21 21:12:21+0800 [-] twistd 18.9.0 (/Users/lifangyi/PycharmProjects/tola/venv/bin/python 3.6.3) starting up.
2018-10-21 21:12:21+0800 [-] reactor class: twisted.internet.selectreactor.SelectReactor.
2018-10-21 21:12:21+0800 [-] Starting BuildMaster -- buildbot.version: 1.5.0
2018-10-21 21:12:21+0800 [-] Loading configuration from '/Users/lifangyi/PycharmProjects/tola/buildbot_master/master.cfg'
2018-10-21 21:12:21+0800 [-] /Users/lifangyi/PycharmProjects/tola/venv/lib/python3.6/site-packages/buildbot/config.py:102: buildbot.config.ConfigWarning: [0.9.0 and later] `buildbotNetUsageData` is not configured and defaults to basic.
	This parameter helps the buildbot development team to understand the installation base.
	No personal information is collected.
	Only installation software version info and plugin usage is sent.
	You can `opt-out` by setting this variable to None.
	Or `opt-in` for more information by setting it to "full".
	
2018-10-21 21:12:21+0800 [-] Setting up database with URL 'mysql+pymysql://root:xxxx@localhost:3306/r?charset=utf8'
2018-10-21 21:12:21+0800 [-] adding 1 new services, removing 0
2018-10-21 21:12:21+0800 [-] adding 1 new change_sources, removing 0
2018-10-21 21:12:21+0800 [-] gitpoller: using workdir '/Users/lifangyi/PycharmProjects/tola/buildbot_master/gitpoller-workdir'
2018-10-21 21:12:21+0800 [-] adding 1 new builders, removing 0
2018-10-21 21:12:22+0800 [-] adding 2 new schedulers, removing 0
2018-10-21 21:12:22+0800 [-] initializing www plugin 'waterfall_view'
2018-10-21 21:12:22+0800 [-] initializing www plugin 'console_view'
2018-10-21 21:12:22+0800 [-] initializing www plugin 'grid_view'
2018-10-21 21:12:22+0800 [-] while starting BuildMaster
	Traceback (most recent call last):
	  File "/Users/lifangyi/PycharmProjects/tola/venv/lib/python3.6/site-packages/twisted/internet/defer.py", line 1418, in _inlineCallbacks
	    result = g.send(result)
	  File "/Users/lifangyi/PycharmProjects/tola/venv/lib/python3.6/site-packages/buildbot/util/service.py", line 53, in reconfigServiceWithBuildbotConfig
	    yield svc.reconfigServiceWithBuildbotConfig(new_config)
	  File "/Users/lifangyi/PycharmProjects/tola/venv/lib/python3.6/site-packages/twisted/internet/defer.py", line 1613, in unwindGenerator
	    return _cancellableInlineCallbacks(gen)
	  File "/Users/lifangyi/PycharmProjects/tola/venv/lib/python3.6/site-packages/twisted/internet/defer.py", line 1529, in _cancellableInlineCallbacks
	    _inlineCallbacks(None, g, status)
	--- <exception caught here> ---
	  File "/Users/lifangyi/PycharmProjects/tola/venv/lib/python3.6/site-packages/buildbot/master.py", line 304, in startService
	    yield self.reconfigServiceWithBuildbotConfig(self.config)
	  File "/Users/lifangyi/PycharmProjects/tola/venv/lib/python3.6/site-packages/buildbot/util/service.py", line 53, in reconfigServiceWithBuildbotConfig
	    yield svc.reconfigServiceWithBuildbotConfig(new_config)
	  File "/Users/lifangyi/PycharmProjects/tola/venv/lib/python3.6/site-packages/twisted/internet/defer.py", line 1418, in _inlineCallbacks
	    result = g.send(result)
	  File "/Users/lifangyi/PycharmProjects/tola/venv/lib/python3.6/site-packages/buildbot/www/service.py", line 211, in reconfigServiceWithBuildbotConfig
	    self.setupSite(new_config)
	  File "/Users/lifangyi/PycharmProjects/tola/venv/lib/python3.6/site-packages/buildbot/www/service.py", line 288, in setupSite
	    self.configPlugins(root, new_config)
	  File "/Users/lifangyi/PycharmProjects/tola/venv/lib/python3.6/site-packages/buildbot/www/service.py", line 269, in configPlugins
	    "could not find plugin %s; is it installed?" % (key,))
	builtins.RuntimeError: could not find plugin grid_view; is it installed?
	
2018-10-21 21:12:22+0800 [-] BuildMaster startup failed
2018-10-21 21:12:22+0800 [-] Initiating clean shutdown
2018-10-21 21:12:22+0800 [-] No running jobs, starting shutdown immediately
2018-10-21 21:12:22+0800 [-] BuildMaster is stopped
2018-10-21 21:12:22+0800 [-] Main loop terminated.
2018-10-21 21:12:22+0800 [-] Server Shut Down.
2018-10-21 21:16:17+0800 [-] Loading buildbot.tac...
2018-10-21 21:16:18+0800 [-] Loaded.
2018-10-21 21:16:18+0800 [-] twistd 18.9.0 (/Users/lifangyi/PycharmProjects/tola/venv/bin/python 3.6.3) starting up.
2018-10-21 21:16:18+0800 [-] reactor class: twisted.internet.selectreactor.SelectReactor.
2018-10-21 21:16:18+0800 [-] Starting BuildMaster -- buildbot.version: 1.5.0
2018-10-21 21:16:18+0800 [-] Loading configuration from '/Users/lifangyi/PycharmProjects/tola/buildbot_master/master.cfg'
2018-10-21 21:16:19+0800 [-] Setting up database with URL 'mysql+pymysql://root:xxxx@localhost:3306/r?charset=utf8'
2018-10-21 21:16:19+0800 [-] doing housekeeping for master 1 bogon:/Users/lifangyi/PycharmProjects/tola/buildbot_master
2018-10-21 21:16:19+0800 [-] doing housekeeping for master 1 bogon:/Users/lifangyi/PycharmProjects/tola/buildbot_master
2018-10-21 21:16:19+0800 [-] adding 1 new services, removing 0
2018-10-21 21:16:19+0800 [-] adding 1 new change_sources, removing 0
2018-10-21 21:16:19+0800 [-] gitpoller: using workdir '/Users/lifangyi/PycharmProjects/tola/buildbot_master/gitpoller-workdir'
2018-10-21 21:16:19+0800 [-] adding 1 new builders, removing 0
2018-10-21 21:16:19+0800 [-] adding 2 new schedulers, removing 0
2018-10-21 21:16:19+0800 [-] initializing www plugin 'waterfall_view'
2018-10-21 21:16:19+0800 [-] initializing www plugin 'console_view'
2018-10-21 21:16:19+0800 [-] initializing www plugin 'grid_view'
2018-10-21 21:16:19+0800 [-] while starting BuildMaster
	Traceback (most recent call last):
	  File "/Users/lifangyi/PycharmProjects/tola/venv/lib/python3.6/site-packages/twisted/internet/defer.py", line 1418, in _inlineCallbacks
	    result = g.send(result)
	  File "/Users/lifangyi/PycharmProjects/tola/venv/lib/python3.6/site-packages/buildbot/util/service.py", line 53, in reconfigServiceWithBuildbotConfig
	    yield svc.reconfigServiceWithBuildbotConfig(new_config)
	  File "/Users/lifangyi/PycharmProjects/tola/venv/lib/python3.6/site-packages/twisted/internet/defer.py", line 1613, in unwindGenerator
	    return _cancellableInlineCallbacks(gen)
	  File "/Users/lifangyi/PycharmProjects/tola/venv/lib/python3.6/site-packages/twisted/internet/defer.py", line 1529, in _cancellableInlineCallbacks
	    _inlineCallbacks(None, g, status)
	--- <exception caught here> ---
	  File "/Users/lifangyi/PycharmProjects/tola/venv/lib/python3.6/site-packages/buildbot/master.py", line 304, in startService
	    yield self.reconfigServiceWithBuildbotConfig(self.config)
	  File "/Users/lifangyi/PycharmProjects/tola/venv/lib/python3.6/site-packages/buildbot/util/service.py", line 53, in reconfigServiceWithBuildbotConfig
	    yield svc.reconfigServiceWithBuildbotConfig(new_config)
	  File "/Users/lifangyi/PycharmProjects/tola/venv/lib/python3.6/site-packages/twisted/internet/defer.py", line 1418, in _inlineCallbacks
	    result = g.send(result)
	  File "/Users/lifangyi/PycharmProjects/tola/venv/lib/python3.6/site-packages/buildbot/www/service.py", line 211, in reconfigServiceWithBuildbotConfig
	    self.setupSite(new_config)
	  File "/Users/lifangyi/PycharmProjects/tola/venv/lib/python3.6/site-packages/buildbot/www/service.py", line 288, in setupSite
	    self.configPlugins(root, new_config)
	  File "/Users/lifangyi/PycharmProjects/tola/venv/lib/python3.6/site-packages/buildbot/www/service.py", line 269, in configPlugins
	    "could not find plugin %s; is it installed?" % (key,))
	builtins.RuntimeError: could not find plugin grid_view; is it installed?
	
2018-10-21 21:16:19+0800 [-] BuildMaster startup failed
2018-10-21 21:16:19+0800 [-] Initiating clean shutdown
2018-10-21 21:16:19+0800 [-] No running jobs, starting shutdown immediately
2018-10-21 21:16:19+0800 [-] BuildMaster is stopped
2018-10-21 21:16:19+0800 [-] Main loop terminated.
2018-10-21 21:16:19+0800 [-] Server Shut Down.
